0 info it worked if it ends with ok
1 verbose cli [ 'C:\\Program Files\\nodejs\\node.exe',
1 verbose cli   'C:\\Program Files\\nodejs\\node_modules\\npm\\bin\\npm-cli.js',
1 verbose cli   'start' ]
2 info using npm@3.10.10
3 info using node@v6.11.2
4 verbose run-script [ 'prestart', 'start', 'poststart' ]
5 info lifecycle GAGA@0.0.1~prestart: GAGA@0.0.1
6 silly lifecycle GAGA@0.0.1~prestart: no script for prestart, continuing
7 info lifecycle GAGA@0.0.1~start: GAGA@0.0.1
8 verbose lifecycle GAGA@0.0.1~start: unsafe-perm in lifecycle true
9 verbose lifecycle GAGA@0.0.1~start: PATH: C:\Program Files\nodejs\node_modules\npm\bin\node-gyp-bin;E:\react_native\MyApplication2\node_modules\.bin;C:\Users\xn069392\bin;C:\install\Git\mingw64\bin;C:\install\Git\usr\local\bin;C:\install\Git\usr\bin;C:\install\Git\usr\bin;C:\install\Git\mingw64\bin;C:\install\Git\usr\bin;C:\Users\xn069392\bin;C:\Program Files\nodejs;C:\Python27;C:\Users\xn069392\AppData\Local\Android\sdk\platform-tools;E:\install\git\Git\bin;E:\install\java\bin;C:\Windows\system32;C:\Windows;C:\Windows\System32\Wbem;C:\Windows\System32\WindowsPowerShell\v1.0;C:\install\Git\cmd;C:\Program Files\TortoiseSVN\bin;C:\ProgramData\chocolatey\bin;C:\Program Files\nodejs;C:\Users\xn069392\AppData\Roaming\npm;E:\install\vsCode\Microsoft VS Code\bin;C:\Users\xn069392\AppData\Local\Programs\Fiddler;C:\install\Git\usr\bin\vendor_perl;C:\install\Git\usr\bin\core_perl
10 verbose lifecycle GAGA@0.0.1~start: CWD: E:\react_native\MyApplication2
11 silly lifecycle GAGA@0.0.1~start: Args: [ '/d /s /c',
11 silly lifecycle   'node node_modules/react-native/local-cli/cli.js start' ]
12 silly lifecycle GAGA@0.0.1~start: Returned: code: 11  signal: null
13 info lifecycle GAGA@0.0.1~start: Failed to exec start script
14 verbose stack Error: GAGA@0.0.1 start: `node node_modules/react-native/local-cli/cli.js start`
14 verbose stack Exit status 11
14 verbose stack     at EventEmitter.<anonymous> (C:\Program Files\nodejs\node_modules\npm\lib\utils\lifecycle.js:255:16)
14 verbose stack     at emitTwo (events.js:106:13)
14 verbose stack     at EventEmitter.emit (events.js:191:7)
14 verbose stack     at ChildProcess.<anonymous> (C:\Program Files\nodejs\node_modules\npm\lib\utils\spawn.js:40:14)
14 verbose stack     at emitTwo (events.js:106:13)
14 verbose stack     at ChildProcess.emit (events.js:191:7)
14 verbose stack     at maybeClose (internal/child_process.js:891:16)
14 verbose stack     at Process.ChildProcess._handle.onexit (internal/child_process.js:226:5)
15 verbose pkgid GAGA@0.0.1
16 verbose cwd E:\react_native\MyApplication2
17 error Windows_NT 6.1.7601
18 error argv "C:\\Program Files\\nodejs\\node.exe" "C:\\Program Files\\nodejs\\node_modules\\npm\\bin\\npm-cli.js" "start"
19 error node v6.11.2
20 error npm  v3.10.10
21 error code ELIFECYCLE
22 error GAGA@0.0.1 start: `node node_modules/react-native/local-cli/cli.js start`
22 error Exit status 11
23 error Failed at the GAGA@0.0.1 start script 'node node_modules/react-native/local-cli/cli.js start'.
23 error Make sure you have the latest version of node.js and npm installed.
23 error If you do, this is most likely a problem with the GAGA package,
23 error not with npm itself.
23 error Tell the author that this fails on your system:
23 error     node node_modules/react-native/local-cli/cli.js start
23 error You can get information on how to open an issue for this project with:
23 error     npm bugs GAGA
23 error Or if that isn't available, you can get their info via:
23 error     npm owner ls GAGA
23 error There is likely additional logging output above.
24 verbose exit [ 1, true ]
